This is pdfTeX, Version 3.14159265-2.6-1.40.19 (MiKTeX 2.9.6630 64-bit) (preloaded format=pdflatex 2018.6.26)  15 OCT 2018 23:30
entering extended mode
**./tesis.tex
(tesis.tex
LaTeX2e <2017-04-15>
Babel <3.18> and hyphenation patterns for 75 language(s) loaded.
(IEEEtran.cls
Document Class: IEEEtran 2012/11/21 V1.8c by Harald Hanche-Olsen and Anders Chr
istensen
-- Based on V1.7a by Michael Shell
-- See the "IEEEtran_HOWTO" manual for usage information.
-- http://www.michaelshell.org/tex/ieeetran/
\@IEEEtrantmpdimenA=\dimen102
\@IEEEtrantmpdimenB=\dimen103
\@IEEEtrantmpcountA=\count79
\@IEEEtrantmpcountB=\count80
\@IEEEtrantmptoksA=\toks14
LaTeX Font Info:    Try loading font information for OT1+ptm on input line 373.

("C:\Users\Gabriel\AppData\Local\Programs\MiKTeX 2.9\tex\latex\psnfss\ot1ptm.fd
"
File: ot1ptm.fd 2001/06/04 font definitions for OT1/ptm.
)
** ATTENTION: Single column mode is not typically used with IEEE publications.
-- Using 8.5in x 11in (letter) paper.
-- Using PDF output.
\@IEEEnormalsizeunitybaselineskip=\dimen104
-- This is a 10 point document.
\CLASSINFOnormalsizebaselineskip=\dimen105
\CLASSINFOnormalsizeunitybaselineskip=\dimen106
\IEEEnormaljot=\dimen107
LaTeX Font Info:    Font shape `OT1/ptm/bx/n' in size <5> not available
(Font)              Font shape `OT1/ptm/b/n' tried instead on input line 731.
LaTeX Font Info:    Font shape `OT1/ptm/bx/it' in size <5> not available
(Font)              Font shape `OT1/ptm/b/it' tried instead on input line 731.
LaTeX Font Info:    Font shape `OT1/ptm/bx/n' in size <7> not available
(Font)              Font shape `OT1/ptm/b/n' tried instead on input line 731.
LaTeX Font Info:    Font shape `OT1/ptm/bx/it' in size <7> not available
(Font)              Font shape `OT1/ptm/b/it' tried instead on input line 731.
LaTeX Font Info:    Font shape `OT1/ptm/bx/n' in size <8> not available
(Font)              Font shape `OT1/ptm/b/n' tried instead on input line 731.
LaTeX Font Info:    Font shape `OT1/ptm/bx/it' in size <8> not available
(Font)              Font shape `OT1/ptm/b/it' tried instead on input line 731.
LaTeX Font Info:    Font shape `OT1/ptm/bx/n' in size <9> not available
(Font)              Font shape `OT1/ptm/b/n' tried instead on input line 731.
LaTeX Font Info:    Font shape `OT1/ptm/bx/it' in size <9> not available
(Font)              Font shape `OT1/ptm/b/it' tried instead on input line 731.
LaTeX Font Info:    Font shape `OT1/ptm/bx/n' in size <10> not available
(Font)              Font shape `OT1/ptm/b/n' tried instead on input line 731.
LaTeX Font Info:    Font shape `OT1/ptm/bx/it' in size <10> not available
(Font)              Font shape `OT1/ptm/b/it' tried instead on input line 731.
LaTeX Font Info:    Font shape `OT1/ptm/bx/n' in size <11> not available
(Font)              Font shape `OT1/ptm/b/n' tried instead on input line 731.
LaTeX Font Info:    Font shape `OT1/ptm/bx/it' in size <11> not available
(Font)              Font shape `OT1/ptm/b/it' tried instead on input line 731.
LaTeX Font Info:    Font shape `OT1/ptm/bx/n' in size <12> not available
(Font)              Font shape `OT1/ptm/b/n' tried instead on input line 731.
LaTeX Font Info:    Font shape `OT1/ptm/bx/it' in size <12> not available
(Font)              Font shape `OT1/ptm/b/it' tried instead on input line 731.
LaTeX Font Info:    Font shape `OT1/ptm/bx/n' in size <17> not available
(Font)              Font shape `OT1/ptm/b/n' tried instead on input line 731.
LaTeX Font Info:    Font shape `OT1/ptm/bx/it' in size <17> not available
(Font)              Font shape `OT1/ptm/b/it' tried instead on input line 731.
LaTeX Font Info:    Font shape `OT1/ptm/bx/n' in size <20> not available
(Font)              Font shape `OT1/ptm/b/n' tried instead on input line 731.
LaTeX Font Info:    Font shape `OT1/ptm/bx/it' in size <20> not available
(Font)              Font shape `OT1/ptm/b/it' tried instead on input line 731.
LaTeX Font Info:    Font shape `OT1/ptm/bx/n' in size <24> not available
(Font)              Font shape `OT1/ptm/b/n' tried instead on input line 731.
LaTeX Font Info:    Font shape `OT1/ptm/bx/it' in size <24> not available
(Font)              Font shape `OT1/ptm/b/it' tried instead on input line 731.
\IEEEilabelindentA=\dimen108
\IEEEilabelindentB=\dimen109
\IEEEilabelindent=\dimen110
\IEEEelabelindent=\dimen111
\IEEEdlabelindent=\dimen112
\IEEElabelindent=\dimen113
\IEEEiednormlabelsep=\dimen114
\IEEEiedmathlabelsep=\dimen115
\IEEEiedtopsep=\skip41
\c@section=\count81
\c@subsection=\count82
\c@subsubsection=\count83
\c@paragraph=\count84
\c@IEEEsubequation=\count85
\abovecaptionskip=\skip42
\belowcaptionskip=\skip43
\c@figure=\count86
\c@table=\count87
\@IEEEeqnnumcols=\count88
\@IEEEeqncolcnt=\count89
\@IEEEtmpitemindent=\dimen116
\c@IEEEbiography=\count90
\@IEEEtranrubishbin=\box26
)
** ATTENTION: Overriding command lockouts (line 2).

("C:\Users\Gabriel\AppData\Local\Programs\MiKTeX 2.9\tex\latex\amsmath\amsmath.
sty"
Package: amsmath 2017/09/02 v2.17a AMS math features
\@mathmargin=\skip44

For additional information on amsmath, use the `?' option.

("C:\Users\Gabriel\AppData\Local\Programs\MiKTeX 2.9\tex\latex\amsmath\amstext.
sty"
Package: amstext 2000/06/29 v2.01 AMS text

("C:\Users\Gabriel\AppData\Local\Programs\MiKTeX 2.9\tex\latex\amsmath\amsgen.s
ty"
File: amsgen.sty 1999/11/30 v2.0 generic functions
\@emptytoks=\toks15
\ex@=\dimen117
))
("C:\Users\Gabriel\AppData\Local\Programs\MiKTeX 2.9\tex\latex\amsmath\amsbsy.s
ty"
Package: amsbsy 1999/11/29 v1.2d Bold Symbols
\pmbraise@=\dimen118
)
("C:\Users\Gabriel\AppData\Local\Programs\MiKTeX 2.9\tex\latex\amsmath\amsopn.s
ty"
Package: amsopn 2016/03/08 v2.02 operator names
)
\inf@bad=\count91
LaTeX Info: Redefining \frac on input line 213.
\uproot@=\count92
\leftroot@=\count93
LaTeX Info: Redefining \overline on input line 375.
\classnum@=\count94
\DOTSCASE@=\count95
LaTeX Info: Redefining \ldots on input line 472.
LaTeX Info: Redefining \dots on input line 475.
LaTeX Info: Redefining \cdots on input line 596.
\Mathstrutbox@=\box27
\strutbox@=\box28
\big@size=\dimen119
LaTeX Font Info:    Redeclaring font encoding OML on input line 712.
LaTeX Font Info:    Redeclaring font encoding OMS on input line 713.
\macc@depth=\count96
\c@MaxMatrixCols=\count97
\dotsspace@=\muskip10
\c@parentequation=\count98
\dspbrk@lvl=\count99
\tag@help=\toks16
\row@=\count100
\column@=\count101
\maxfields@=\count102
\andhelp@=\toks17
\eqnshift@=\dimen120
\alignsep@=\dimen121
\tagshift@=\dimen122
\tagwidth@=\dimen123
\totwidth@=\dimen124
\lineht@=\dimen125
\@envbody=\toks18
\multlinegap=\skip45
\multlinetaggap=\skip46
\mathdisplay@stack=\toks19
LaTeX Info: Redefining \[ on input line 2817.
LaTeX Info: Redefining \] on input line 2818.
)
("C:\Users\Gabriel\AppData\Local\Programs\MiKTeX 2.9\tex\latex\amsfonts\amssymb
.sty"
Package: amssymb 2013/01/14 v3.01 AMS font symbols

("C:\Users\Gabriel\AppData\Local\Programs\MiKTeX 2.9\tex\latex\amsfonts\amsfont
s.sty"
Package: amsfonts 2013/01/14 v3.01 Basic AMSFonts support
\symAMSa=\mathgroup4
\symAMSb=\mathgroup5
LaTeX Font Info:    Overwriting math alphabet `\mathfrak' in version `bold'
(Font)                  U/euf/m/n --> U/euf/b/n on input line 106.
))
("C:\Users\Gabriel\AppData\Local\Programs\MiKTeX 2.9\tex\latex\amscls\amsthm.st
y"
Package: amsthm 2017/10/31 v2.20.4
\thm@style=\toks20
\thm@bodyfont=\toks21
\thm@headfont=\toks22
\thm@notefont=\toks23
\thm@headpunct=\toks24
\thm@preskip=\skip47
\thm@postskip=\skip48
\thm@headsep=\skip49
\dth@everypar=\toks25
)
("C:\Users\Gabriel\AppData\Local\Programs\MiKTeX 2.9\tex\latex\lipsum\lipsum.st
y"
Package: lipsum 2014/07/27 v1.3 150 paragraphs of Lorem Ipsum dummy text
\c@lips@count=\count103
)
("C:\Users\Gabriel\AppData\Local\Programs\MiKTeX 2.9\tex\latex\caption\caption.
sty"
Package: caption 2018/05/01 v3.3-147 Customizing captions (AR)

("C:\Users\Gabriel\AppData\Local\Programs\MiKTeX 2.9\tex\latex\caption\caption3
.sty"
Package: caption3 2018/05/27 v1.8a caption3 kernel (AR)
Package caption3 Info: TeX engine: e-TeX on input line 64.

("C:\Users\Gabriel\AppData\Local\Programs\MiKTeX 2.9\tex\latex\graphics\keyval.
sty"
Package: keyval 2014/10/28 v1.15 key=value parser (DPC)
\KV@toks@=\toks26
)
\captionmargin=\dimen126
\captionmargin@=\dimen127
\captionwidth=\dimen128
\caption@tempdima=\dimen129
\caption@indent=\dimen130
\caption@parindent=\dimen131
\caption@hangindent=\dimen132
Package caption Info: Unknown document class (or package),
(caption)             standard defaults will be used.
)

Package caption Warning: Unsupported document class (or package) detected,
(caption)                usage of the caption package is not recommended.
See the caption package documentation for explanation.

Package caption Info: \@makecaption = \long macro:#1#2->\ifx \@captype \@IEEEta
blestring \footnotesize {\centering \normalfont \footnotesize #1.\qquad \scshap
e #2\par }\@IEEEtablecaptionsepspace \else \@IEEEfigurecaptionsepspace \setbox 
\@tempboxa \hbox {\normalfont \footnotesize {#1.}~~ #2}\ifdim \wd \@tempboxa >\
hsize \setbox \@tempboxa \hbox {\normalfont \footnotesize {#1.}~~ }\parbox [t]{
\hsize }{\normalfont \footnotesize \noindent \unhbox \@tempboxa #2}\else \ifCLA
SSOPTIONconference \hbox to\hsize {\normalfont \footnotesize \box \@tempboxa \h
fil }\else \hbox to\hsize {\normalfont \footnotesize \box \@tempboxa \hfil }\fi
 \fi \fi .
\c@ContinuedFloat=\count104
)
("C:\Users\Gabriel\AppData\Local\Programs\MiKTeX 2.9\tex\latex\listings\listing
s.sty"
\lst@mode=\count105
\lst@gtempboxa=\box29
\lst@token=\toks27
\lst@length=\count106
\lst@currlwidth=\dimen133
\lst@column=\count107
\lst@pos=\count108
\lst@lostspace=\dimen134
\lst@width=\dimen135
\lst@newlines=\count109
\lst@lineno=\count110
\lst@maxwidth=\dimen136

("C:\Users\Gabriel\AppData\Local\Programs\MiKTeX 2.9\tex\latex\listings\lstmisc
.sty"
File: lstmisc.sty 2015/06/04 1.6 (Carsten Heinz)
\c@lstnumber=\count111
\lst@skipnumbers=\count112
\lst@framebox=\box30
)
("C:\Users\Gabriel\AppData\Local\Programs\MiKTeX 2.9\tex\latex\listings\listing
s.cfg"
File: listings.cfg 2015/06/04 1.6 listings configuration
))
Package: listings 2015/06/04 1.6 (Carsten Heinz)

("C:\Users\Gabriel\AppData\Local\Programs\MiKTeX 2.9\tex\latex\was\gensymb.sty"
Package: gensymb 2003/07/02 v1.0 (WaS)
)
("C:\Users\Gabriel\AppData\Local\Programs\MiKTeX 2.9\tex\latex\fancyhdr\fancyhd
r.sty"
Package: fancyhdr 2017/06/30 v3.9a Extensive control of page headers and footer
s
\f@nch@headwidth=\skip50
\f@nch@O@elh=\skip51
\f@nch@O@erh=\skip52
\f@nch@O@olh=\skip53
\f@nch@O@orh=\skip54
\f@nch@O@elf=\skip55
\f@nch@O@erf=\skip56
\f@nch@O@olf=\skip57
\f@nch@O@orf=\skip58
)
("C:\Users\Gabriel\AppData\Local\Programs\MiKTeX 2.9\tex\latex\graphics\graphic
x.sty"
Package: graphicx 2017/06/01 v1.1a Enhanced LaTeX Graphics (DPC,SPQR)

("C:\Users\Gabriel\AppData\Local\Programs\MiKTeX 2.9\tex\latex\graphics\graphic
s.sty"
Package: graphics 2017/06/25 v1.2c Standard LaTeX Graphics (DPC,SPQR)

("C:\Users\Gabriel\AppData\Local\Programs\MiKTeX 2.9\tex\latex\graphics\trig.st
y"
Package: trig 2016/01/03 v1.10 sin cos tan (DPC)
)
("C:\Users\Gabriel\AppData\Local\Programs\MiKTeX 2.9\tex\latex\graphics-cfg\gra
phics.cfg"
File: graphics.cfg 2016/06/04 v1.11 sample graphics configuration
)
Package graphics Info: Driver file: pdftex.def on input line 99.

("C:\Users\Gabriel\AppData\Local\Programs\MiKTeX 2.9\tex\latex\graphics-def\pdf
tex.def"
File: pdftex.def 2018/01/08 v1.0l Graphics/color driver for pdftex
))
\Gin@req@height=\dimen137
\Gin@req@width=\dimen138
)
("C:\Users\Gabriel\AppData\Local\Programs\MiKTeX 2.9\tex\latex\algorithms\algor
ithm.sty"
Package: algorithm 2009/08/24 v0.1 Document Style `algorithm' - floating enviro
nment

("C:\Users\Gabriel\AppData\Local\Programs\MiKTeX 2.9\tex\latex\float\float.sty"
Package: float 2001/11/08 v1.3d Float enhancements (AL)
\c@float@type=\count113
\float@exts=\toks28
\float@box=\box31
\@float@everytoks=\toks29
\@floatcapt=\box32
) ("C:\Users\Gabriel\AppData\Local\Programs\MiKTeX 2.9\tex\latex\base\ifthen.st
y"
Package: ifthen 2014/09/29 v1.1c Standard LaTeX ifthen package (DPC)
)
\@float@every@algorithm=\toks30
\c@algorithm=\count114
)
("C:\Users\Gabriel\AppData\Local\Programs\MiKTeX 2.9\tex\latex\algorithmicx\alg
pseudocode.sty"
Package: algpseudocode 

("C:\Users\Gabriel\AppData\Local\Programs\MiKTeX 2.9\tex\latex\algorithmicx\alg
orithmicx.sty"
Package: algorithmicx 2005/04/27 v1.2 Algorithmicx

Document Style algorithmicx 1.2 - a greatly improved `algorithmic' style
\c@ALG@line=\count115
\c@ALG@rem=\count116
\c@ALG@nested=\count117
\ALG@tlm=\skip59
\ALG@thistlm=\skip60
\c@ALG@Lnr=\count118
\c@ALG@blocknr=\count119
\c@ALG@storecount=\count120
\c@ALG@tmpcounter=\count121
\ALG@tmplength=\skip61
)
Document Style - pseudocode environments for use with the `algorithmicx' style
)
("C:\Users\Gabriel\AppData\Local\Programs\MiKTeX 2.9\tex\latex\caption\subcapti
on.sty"
Package: subcaption 2018/05/01 v1.1-162 Sub-captions (AR)
\c@subfigure=\count122
\c@subtable=\count123
)
("C:\Users\Gabriel\AppData\Local\Programs\MiKTeX 2.9\tex\latex\mwe\mwe.sty"
Package: mwe 2018/03/30 v0.5 Package to support minimal working examples (MWE)

("C:\Users\Gabriel\AppData\Local\Programs\MiKTeX 2.9\tex\latex\blindtext\blindt
ext.sty"
Package: blindtext 2012/01/06 V2.0 blindtext-Package

("C:\Users\Gabriel\AppData\Local\Programs\MiKTeX 2.9\tex\latex\tools\xspace.sty
"
Package: xspace 2014/10/28 v1.13 Space after command names (DPC,MH)
)
\c@blindtext=\count124
\c@Blindtext=\count125
\c@blind@countparstart=\count126
\blind@countxx=\count127
\blindtext@numBlindtext=\count128
\blind@countyy=\count129
\c@blindlist=\count130
\c@blindlistlevel=\count131
\c@blindlist@level=\count132
\blind@listitem=\count133
\c@blind@listcount=\count134
\c@blind@levelcount=\count135
\blind@mathformula=\count136
\blind@Mathformula=\count137
\c@blind@randomcount=\count138
\c@blind@randommax=\count139
\c@blind@pangramcount=\count140
\c@blind@pangrammax=\count141
))
\c@thma=\count142
\c@prop=\count143
\c@lemm=\count144
 ("C:\Users\Gabriel\AppData\Local\Programs\MiKTeX 2.9\tex\latex\svg\svg.sty"
Package: svg 2017/11/29 v2.01 (include SVG pictures)

("C:\Users\Gabriel\AppData\Local\Programs\MiKTeX 2.9\tex\latex\koma-script\scrb
ase.sty"
Package: scrbase 2018/03/30 v3.25 KOMA-Script package (KOMA-Script-independent 
basics and keyval usage)

("C:\Users\Gabriel\AppData\Local\Programs\MiKTeX 2.9\tex\latex\koma-script\scrl
file.sty"
Package: scrlfile 2018/03/30 v3.25 KOMA-Script package (loading files)
))
("C:\Users\Gabriel\AppData\Local\Programs\MiKTeX 2.9\tex\generic\ifxetex\ifxete
x.sty"
Package: ifxetex 2010/09/12 v0.6 Provides ifxetex conditional
)
("C:\Users\Gabriel\AppData\Local\Programs\MiKTeX 2.9\tex\generic\oberdiek\iflua
tex.sty"
Package: ifluatex 2016/05/16 v1.4 Provides the ifluatex switch (HO)
Package ifluatex Info: LuaTeX not detected.
)
("C:\Users\Gabriel\AppData\Local\Programs\MiKTeX 2.9\tex\generic\oberdiek\ifpdf
.sty"
Package: ifpdf 2017/03/15 v3.2 Provides the ifpdf switch
)
("C:\Users\Gabriel\AppData\Local\Programs\MiKTeX 2.9\tex\generic\oberdiek\pdfte
xcmds.sty"
Package: pdftexcmds 2018/01/21 v0.26 Utility functions of pdfTeX for LuaTeX (HO
)

("C:\Users\Gabriel\AppData\Local\Programs\MiKTeX 2.9\tex\generic\oberdiek\infwa
rerr.sty"
Package: infwarerr 2016/05/16 v1.4 Providing info/warning/error messages (HO)
)
("C:\Users\Gabriel\AppData\Local\Programs\MiKTeX 2.9\tex\generic\oberdiek\ltxcm
ds.sty"
Package: ltxcmds 2016/05/16 v1.23 LaTeX kernel commands for general use (HO)
)
Package pdftexcmds Info: LuaTeX not detected.
Package pdftexcmds Info: \pdf@primitive is available.
Package pdftexcmds Info: \pdf@ifprimitive is available.
Package pdftexcmds Info: \pdfdraftmode found.
)
("C:\Users\Gabriel\AppData\Local\Programs\MiKTeX 2.9\tex\latex\tools\shellesc.s
ty"
Package: shellesc 2016/06/07 v0.02a unified shell escape interface for LaTeX
Package shellesc Info: Restricted shell escape enabled on input line 69.
)
\c@svg@param@lastpage=\count145
\c@svg@param@currpage=\count146
)
("C:\Users\Gabriel\AppData\Local\Programs\MiKTeX 2.9\tex\latex\xcolor\xcolor.st
y"
Package: xcolor 2016/05/11 v2.12 LaTeX color extensions (UK)

("C:\Users\Gabriel\AppData\Local\Programs\MiKTeX 2.9\tex\latex\graphics-cfg\col
or.cfg"
File: color.cfg 2016/01/02 v1.6 sample color configuration
)
Package xcolor Info: Driver file: pdftex.def on input line 225.
Package xcolor Info: Model `cmy' substituted by `cmy0' on input line 1348.
Package xcolor Info: Model `hsb' substituted by `rgb' on input line 1352.
Package xcolor Info: Model `RGB' extended on input line 1364.
Package xcolor Info: Model `HTML' substituted by `rgb' on input line 1366.
Package xcolor Info: Model `Hsb' substituted by `hsb' on input line 1367.
Package xcolor Info: Model `tHsb' substituted by `hsb' on input line 1368.
Package xcolor Info: Model `HSB' substituted by `hsb' on input line 1369.
Package xcolor Info: Model `Gray' substituted by `gray' on input line 1370.
Package xcolor Info: Model `wave' substituted by `hsb' on input line 1371.
)
("C:\Users\Gabriel\AppData\Local\Programs\MiKTeX 2.9\tex\latex\oberdiek\transpa
rent.sty"
Package: transparent 2016/05/16 v1.1 Transparency via pdfTeX's color stack (HO)


("C:\Users\Gabriel\AppData\Local\Programs\MiKTeX 2.9\tex\latex\oberdiek\auxhook
.sty"
Package: auxhook 2016/05/16 v1.4 Hooks for auxiliary files (HO)
))

LaTeX Warning: Unused global option(s):
    [compsocconf].

(tesis.aux)
\openout1 = `tesis.aux'.

LaTeX Font Info:    Checking defaults for OML/cmm/m/it on input line 27.
LaTeX Font Info:    ... okay on input line 27.
LaTeX Font Info:    Checking defaults for T1/cmr/m/n on input line 27.
LaTeX Font Info:    ... okay on input line 27.
LaTeX Font Info:    Checking defaults for OT1/cmr/m/n on input line 27.
LaTeX Font Info:    ... okay on input line 27.
LaTeX Font Info:    Checking defaults for OMS/cmsy/m/n on input line 27.
LaTeX Font Info:    ... okay on input line 27.
LaTeX Font Info:    Checking defaults for OMX/cmex/m/n on input line 27.
LaTeX Font Info:    ... okay on input line 27.
LaTeX Font Info:    Checking defaults for U/cmr/m/n on input line 27.
LaTeX Font Info:    ... okay on input line 27.
Package caption Info: Begin \AtBeginDocument code.
Package caption Info: float package is loaded.
Package caption Info: listings package is loaded.
Package caption Info: End \AtBeginDocument code.
\c@lstlisting=\count147
LaTeX Info: Redefining \celsius on input line 27.
Package gensymb Info: Faking symbols for \degree and \celsius on input line 27.



Package gensymb Warning: Not defining \perthousand.

LaTeX Info: Redefining \ohm on input line 27.
Package gensymb Info: Using \Omega for \ohm on input line 27.

Package gensymb Warning: Not defining \micro.


("C:\Users\Gabriel\AppData\Local\Programs\MiKTeX 2.9\tex\context\base\supp-pdf.
mkii"
[Loading MPS to PDF converter (version 2006.09.02).]
\scratchcounter=\count148
\scratchdimen=\dimen139
\scratchbox=\box33
\nofMPsegments=\count149
\nofMParguments=\count150
\everyMPshowfont=\toks31
\MPscratchCnt=\count151
\MPscratchDim=\dimen140
\MPnumerator=\count152
\makeMPintoPDFobject=\count153
\everyMPtoPDFconversion=\toks32
)
("C:\Users\Gabriel\AppData\Local\Programs\MiKTeX 2.9\tex\latex\oberdiek\epstopd
f-base.sty"
Package: epstopdf-base 2016/05/15 v2.6 Base part for package epstopdf

("C:\Users\Gabriel\AppData\Local\Programs\MiKTeX 2.9\tex\latex\oberdiek\grfext.
sty"
Package: grfext 2016/05/16 v1.2 Manage graphics extensions (HO)

("C:\Users\Gabriel\AppData\Local\Programs\MiKTeX 2.9\tex\generic\oberdiek\kvdef
inekeys.sty"
Package: kvdefinekeys 2016/05/16 v1.4 Define keys (HO)
))
("C:\Users\Gabriel\AppData\Local\Programs\MiKTeX 2.9\tex\latex\oberdiek\kvoptio
ns.sty"
Package: kvoptions 2016/05/16 v3.12 Key value format for package options (HO)

("C:\Users\Gabriel\AppData\Local\Programs\MiKTeX 2.9\tex\generic\oberdiek\kvset
keys.sty"
Package: kvsetkeys 2016/05/16 v1.17 Key value parser (HO)

("C:\Users\Gabriel\AppData\Local\Programs\MiKTeX 2.9\tex\generic\oberdiek\etexc
mds.sty"
Package: etexcmds 2016/05/16 v1.6 Avoid name clashes with e-TeX commands (HO)
Package etexcmds Info: Could not find \expanded.
(etexcmds)             That can mean that you are not using pdfTeX 1.50 or
(etexcmds)             that some package has redefined \expanded.
(etexcmds)             In the latter case, load this package earlier.
)))
Package epstopdf-base Info: Redefining graphics rule for `.eps' on input line 4
38.
Package grfext Info: Graphics extension search list:
(grfext)             [.pdf,.png,.jpg,.mps,.jpeg,.jbig2,.jb2,.PDF,.PNG,.JPG,.JPE
G,.JBIG2,.JB2,.eps]
(grfext)             \AppendGraphicsExtensions on input line 456.
)
LaTeX Font Info:    Try loading font information for U+msa on input line 55.

("C:\Users\Gabriel\AppData\Local\Programs\MiKTeX 2.9\tex\latex\amsfonts\umsa.fd
"
File: umsa.fd 2013/01/14 v3.01 AMS symbols A
)
LaTeX Font Info:    Try loading font information for U+msb on input line 55.

("C:\Users\Gabriel\AppData\Local\Programs\MiKTeX 2.9\tex\latex\amsfonts\umsb.fd
"
File: umsb.fd 2013/01/14 v3.01 AMS symbols B
) [1{C:/Users/Gabriel/AppData/Local/MiKTeX/2.9/pdftex/config/pdftex.map}]
Package epstopdf Info: Source file: <figures/Jerarquia_mem.eps>
(epstopdf)                    date: 2018-09-06 02:54:57
(epstopdf)                    size: 42918 bytes
(epstopdf)             Output file: <figures/Jerarquia_mem-eps-converted-to.pdf
>
(epstopdf)                    date: 2018-09-06 02:55:55
(epstopdf)                    size: 8320 bytes
(epstopdf)             Command: <epstopdf --outfile=figures/Jerarquia_mem-eps-c
onverted-to.pdf figures/Jerarquia_mem.eps>
(epstopdf)             \includegraphics on input line 105.
Package epstopdf Info: Output file is already uptodate.
<figures/Jerarquia_mem-eps-converted-to.pdf, id=13, 354.32375pt x 161.60374pt>
File: figures/Jerarquia_mem-eps-converted-to.pdf Graphic file (type pdf)
<use figures/Jerarquia_mem-eps-converted-to.pdf>
Package pdftex.def Info: figures/Jerarquia_mem-eps-converted-to.pdf  used on in
put line 105.
(pdftex.def)             Requested size: 283.45938pt x 129.28316pt.

[2 <./figures/Jerarquia_mem-eps-converted-to.pdf>]
Package epstopdf Info: Source file: <figures/paralelismo_dinamico.eps>
(epstopdf)                    date: 2018-09-06 02:58:59
(epstopdf)                    size: 26734 bytes
(epstopdf)             Output file: <figures/paralelismo_dinamico-eps-converted
-to.pdf>
(epstopdf)                    date: 2018-09-06 03:00:32
(epstopdf)                    size: 7111 bytes
(epstopdf)             Command: <epstopdf --outfile=figures/paralelismo_dinamic
o-eps-converted-to.pdf figures/paralelismo_dinamico.eps>
(epstopdf)             \includegraphics on input line 121.
Package epstopdf Info: Output file is already uptodate.
<figures/paralelismo_dinamico-eps-converted-to.pdf, id=23, 584.1825pt x 338.263
75pt>
File: figures/paralelismo_dinamico-eps-converted-to.pdf Graphic file (type pdf)

<use figures/paralelismo_dinamico-eps-converted-to.pdf>
Package pdftex.def Info: figures/paralelismo_dinamico-eps-converted-to.pdf  use
d on input line 121.
(pdftex.def)             Requested size: 408.92496pt x 236.78299pt.
 [3 <./figures/paralelismo_dinamico-eps-converted-to.pdf>]
Package epstopdf Info: Source file: <figures/Diagrama_PD.eps>
(epstopdf)                    date: 2018-07-09 17:04:50
(epstopdf)                    size: 32754 bytes
(epstopdf)             Output file: <figures/Diagrama_PD-eps-converted-to.pdf>
(epstopdf)                    date: 2018-07-09 17:05:54
(epstopdf)                    size: 6531 bytes
(epstopdf)             Command: <epstopdf --outfile=figures/Diagrama_PD-eps-con
verted-to.pdf figures/Diagrama_PD.eps>
(epstopdf)             \includegraphics on input line 179.
Package epstopdf Info: Output file is already uptodate.
<figures/Diagrama_PD-eps-converted-to.pdf, id=32, 844.15375pt x 599.23875pt>
File: figures/Diagrama_PD-eps-converted-to.pdf Graphic file (type pdf)
<use figures/Diagrama_PD-eps-converted-to.pdf>
Package pdftex.def Info: figures/Diagrama_PD-eps-converted-to.pdf  used on inpu
t line 179.
(pdftex.def)             Requested size: 569.09523pt x 268.04211pt.

Overfull \hbox (44.99548pt too wide) in paragraph at lines 179--180
 [][] 
 []

[4]
Package epstopdf Info: Source file: <figures/nideal_aphopis.eps>
(epstopdf)                    date: 2018-09-07 04:10:15
(epstopdf)                    size: 34897 bytes
(epstopdf)             Output file: <figures/nideal_aphopis-eps-converted-to.pd
f>
(epstopdf)                    date: 2018-09-07 04:10:44
(epstopdf)                    size: 14335 bytes
(epstopdf)             Command: <epstopdf --outfile=figures/nideal_aphopis-eps-
converted-to.pdf figures/nideal_aphopis.eps>
(epstopdf)             \includegraphics on input line 214.
Package epstopdf Info: Output file is already uptodate.
<figures/nideal_aphopis-eps-converted-to.pdf, id=37, 642.4pt x 385.44pt>
File: figures/nideal_aphopis-eps-converted-to.pdf Graphic file (type pdf)
<use figures/nideal_aphopis-eps-converted-to.pdf>
Package pdftex.def Info: figures/nideal_aphopis-eps-converted-to.pdf  used on i
nput line 214.
(pdftex.def)             Requested size: 289.07733pt x 173.4464pt.
 [5 <./figures/Diagrama_PD-eps-converted-to.pdf>]
Missing character: There is no Â in font ptmr7t!
Missing character: There is no ® in font ptmr7t!
Missing character: There is no Â in font ptmr7t!
Missing character: There is no ® in font ptmr7t!
Package epstopdf Info: Source file: <figures/BSideal.eps>
(epstopdf)                    date: 2018-09-07 04:06:25
(epstopdf)                    size: 21311 bytes
(epstopdf)             Output file: <figures/BSideal-eps-converted-to.pdf>
(epstopdf)                    date: 2018-09-07 04:07:05
(epstopdf)                    size: 10061 bytes
(epstopdf)             Command: <epstopdf --outfile=figures/BSideal-eps-convert
ed-to.pdf figures/BSideal.eps>
(epstopdf)             \includegraphics on input line 273.
Package epstopdf Info: Output file is already uptodate.
<figures/BSideal-eps-converted-to.pdf, id=52, 642.4pt x 385.44pt>
File: figures/BSideal-eps-converted-to.pdf Graphic file (type pdf)
<use figures/BSideal-eps-converted-to.pdf>
Package pdftex.def Info: figures/BSideal-eps-converted-to.pdf  used on input li
ne 273.
(pdftex.def)             Requested size: 289.07733pt x 173.4464pt.
 [6 <./figures/nideal_aphopis-eps-converted-to.pdf>]
Missing character: There is no Â in font ptmr7t!
Missing character: There is no ® in font ptmr7t!
Missing character: There is no Â in font ptmr7t!
Missing character: There is no ® in font ptmr7t!
 [7 <./figures/BSideal-eps-converted-to.pdf>]
Package epstopdf Info: Source file: <figures/ace_Nvidia_gtx.eps>
(epstopdf)                    date: 2018-09-06 03:24:51
(epstopdf)                    size: 24683 bytes
(epstopdf)             Output file: <figures/ace_Nvidia_gtx-eps-converted-to.pd
f>
(epstopdf)                    date: 2018-09-06 03:25:53
(epstopdf)                    size: 11408 bytes
(epstopdf)             Command: <epstopdf --outfile=figures/ace_Nvidia_gtx-eps-
converted-to.pdf figures/ace_Nvidia_gtx.eps>
(epstopdf)             \includegraphics on input line 385.
Package epstopdf Info: Output file is already uptodate.
<figures/ace_Nvidia_gtx-eps-converted-to.pdf, id=75, 642.4pt x 385.44pt>
File: figures/ace_Nvidia_gtx-eps-converted-to.pdf Graphic file (type pdf)
<use figures/ace_Nvidia_gtx-eps-converted-to.pdf>
Package pdftex.def Info: figures/ace_Nvidia_gtx-eps-converted-to.pdf  used on i
nput line 385.
(pdftex.def)             Requested size: 248.95058pt x 149.36821pt.
Package epstopdf Info: Source file: <figures/Ace_pascal.eps>
(epstopdf)                    date: 2018-09-06 03:31:27
(epstopdf)                    size: 24828 bytes
(epstopdf)             Output file: <figures/Ace_pascal-eps-converted-to.pdf>
(epstopdf)                    date: 2018-09-06 03:32:13
(epstopdf)                    size: 14914 bytes
(epstopdf)             Command: <epstopdf --outfile=figures/Ace_pascal-eps-conv
erted-to.pdf figures/Ace_pascal.eps>
(epstopdf)             \includegraphics on input line 393.
Package epstopdf Info: Output file is already uptodate.
<figures/Ace_pascal-eps-converted-to.pdf, id=76, 642.4pt x 385.44pt>
File: figures/Ace_pascal-eps-converted-to.pdf Graphic file (type pdf)
<use figures/Ace_pascal-eps-converted-to.pdf>
Package pdftex.def Info: figures/Ace_pascal-eps-converted-to.pdf  used on input
 line 393.
(pdftex.def)             Requested size: 248.95058pt x 149.36821pt.
Package epstopdf Info: Source file: <figures/ace_teslak40.eps>
(epstopdf)                    date: 2018-09-06 03:35:25
(epstopdf)                    size: 25062 bytes
(epstopdf)             Output file: <figures/ace_teslak40-eps-converted-to.pdf>

(epstopdf)                    date: 2018-09-06 03:36:23
(epstopdf)                    size: 14997 bytes
(epstopdf)             Command: <epstopdf --outfile=figures/ace_teslak40-eps-co
nverted-to.pdf figures/ace_teslak40.eps>
(epstopdf)             \includegraphics on input line 401.
Package epstopdf Info: Output file is already uptodate.
<figures/ace_teslak40-eps-converted-to.pdf, id=77, 642.4pt x 385.44pt>
File: figures/ace_teslak40-eps-converted-to.pdf Graphic file (type pdf)
<use figures/ace_teslak40-eps-converted-to.pdf>
Package pdftex.def Info: figures/ace_teslak40-eps-converted-to.pdf  used on inp
ut line 401.
(pdftex.def)             Requested size: 248.95058pt x 149.36821pt.
Package epstopdf Info: Source file: <figures/ace_Volta.eps>
(epstopdf)                    date: 2018-09-06 03:39:25
(epstopdf)                    size: 27897 bytes
(epstopdf)             Output file: <figures/ace_Volta-eps-converted-to.pdf>
(epstopdf)                    date: 2018-09-06 03:40:14
(epstopdf)                    size: 11842 bytes
(epstopdf)             Command: <epstopdf --outfile=figures/ace_Volta-eps-conve
rted-to.pdf figures/ace_Volta.eps>
(epstopdf)             \includegraphics on input line 409.
Package epstopdf Info: Output file is already uptodate.
<figures/ace_Volta-eps-converted-to.pdf, id=78, 642.4pt x 385.44pt>
File: figures/ace_Volta-eps-converted-to.pdf Graphic file (type pdf)
<use figures/ace_Volta-eps-converted-to.pdf>
Package pdftex.def Info: figures/ace_Volta-eps-converted-to.pdf  used on input 
line 409.
(pdftex.def)             Requested size: 256.95544pt x 154.17326pt.

Overfull \hbox (8.00487pt too wide) in paragraph at lines 409--410
 [][] 
 []

[8]
Package epstopdf Info: Source file: <figures/carbon_compa.eps>
(epstopdf)                    date: 2018-09-07 04:27:00
(epstopdf)                    size: 47931 bytes
(epstopdf)             Output file: <figures/carbon_compa-eps-converted-to.pdf>

(epstopdf)                    date: 2018-09-07 04:27:35
(epstopdf)                    size: 19361 bytes
(epstopdf)             Command: <epstopdf --outfile=figures/carbon_compa-eps-co
nverted-to.pdf figures/carbon_compa.eps>
(epstopdf)             \includegraphics on input line 442.
Package epstopdf Info: Output file is already uptodate.
<figures/carbon_compa-eps-converted-to.pdf, id=82, 642.4pt x 385.44pt>
File: figures/carbon_compa-eps-converted-to.pdf Graphic file (type pdf)
<use figures/carbon_compa-eps-converted-to.pdf>
Package pdftex.def Info: figures/carbon_compa-eps-converted-to.pdf  used on inp
ut line 442.
(pdftex.def)             Requested size: 248.95058pt x 149.36821pt.
Package epstopdf Info: Source file: <figures/Volta_comp.eps>
(epstopdf)                    date: 2018-09-07 04:17:53
(epstopdf)                    size: 46921 bytes
(epstopdf)             Output file: <figures/Volta_comp-eps-converted-to.pdf>
(epstopdf)                    date: 2018-09-07 04:18:28
(epstopdf)                    size: 18908 bytes
(epstopdf)             Command: <epstopdf --outfile=figures/Volta_comp-eps-conv
erted-to.pdf figures/Volta_comp.eps>
(epstopdf)             \includegraphics on input line 449.
Package epstopdf Info: Output file is already uptodate.
<figures/Volta_comp-eps-converted-to.pdf, id=83, 642.4pt x 385.44pt>
File: figures/Volta_comp-eps-converted-to.pdf Graphic file (type pdf)
<use figures/Volta_comp-eps-converted-to.pdf>
Package pdftex.def Info: figures/Volta_comp-eps-converted-to.pdf  used on input
 line 449.
(pdftex.def)             Requested size: 248.95058pt x 149.36821pt.
 [9 <./figures/ace_Nvidia_gtx-eps-converted-to.pdf> <./figures/Ace_pascal-eps-c
onverted-to.pdf> <./figures/ace_teslak40-eps-converted-to.pdf> <./figures/ace_V
olta-eps-converted-to.pdf>] (tesis.bbl
Missing character: There is no â in font ptmr7t!
Missing character: There is no € in font ptmr7t!
Missing character: There is no “ in font ptmr7t!
 [10 <./figures/carbon_compa-eps-converted-to.pdf> <./figures/Volta_comp-eps-co
nverted-to.pdf>]) [11] [12]

** Conference Paper **
Before submitting the final camera ready copy, remember to:

 1. Manually equalize the lengths of two columns on the last page
 of your paper;

 2. Ensure that any PostScript and/or PDF output post-processing
 uses only Type 1 fonts and that every step in the generation
 process uses the appropriate paper size.

[13] (tesis.aux) ) 
Here is how much of TeX's memory you used:
 7946 strings out of 493305
 126136 string characters out of 3128932
 318199 words of memory out of 3000000
 11338 multiletter control sequences out of 15000+200000
 48725 words of font info for 97 fonts, out of 3000000 for 9000
 1144 hyphenation exceptions out of 8191
 48i,10n,43p,1758b,451s stack positions out of 5000i,500n,10000p,200000b,50000s
{C:/Users/Gabriel/AppData/Local/Programs/MiKTeX 2.9/fonts/enc
/dvips/base/8r.enc}<C:/Users/Gabriel/AppData/Local/Programs/MiKTeX 2.9/fonts/ty
pe1/public/amsfonts/cm/cmmi10.pfb><C:/Users/Gabriel/AppData/Local/Programs/MiKT
eX 2.9/fonts/type1/public/amsfonts/cm/cmmi5.pfb><C:/Users/Gabriel/AppData/Local
/Programs/MiKTeX 2.9/fonts/type1/public/amsfonts/cm/cmmi6.pfb><C:/Users/Gabriel
/AppData/Local/Programs/MiKTeX 2.9/fonts/type1/public/amsfonts/cm/cmmi7.pfb><C:
/Users/Gabriel/AppData/Local/Programs/MiKTeX 2.9/fonts/type1/public/amsfonts/cm
/cmmi8.pfb><C:/Users/Gabriel/AppData/Local/Programs/MiKTeX 2.9/fonts/type1/publ
ic/amsfonts/cm/cmr10.pfb><C:/Users/Gabriel/AppData/Local/Programs/MiKTeX 2.9/fo
nts/type1/public/amsfonts/cm/cmr7.pfb><C:/Users/Gabriel/AppData/Local/Programs/
MiKTeX 2.9/fonts/type1/public/amsfonts/cm/cmr8.pfb><C:/Users/Gabriel/AppData/Lo
cal/Programs/MiKTeX 2.9/fonts/type1/public/amsfonts/cm/cmr9.pfb><C:/Users/Gabri
el/AppData/Local/Programs/MiKTeX 2.9/fonts/type1/public/amsfonts/cm/cmsy10.pfb>
<C:/Users/Gabriel/AppData/Local/Programs/MiKTeX 2.9/fonts/type1/public/amsfonts
/cm/cmsy9.pfb><C:/Users/Gabriel/AppData/Local/Programs/MiKTeX 2.9/fonts/type1/u
rw/times/utmb8a.pfb><C:/Users/Gabriel/AppData/Local/Programs/MiKTeX 2.9/fonts/t
ype1/urw/times/utmr8a.pfb><C:/Users/Gabriel/AppData/Local/Programs/MiKTeX 2.9/f
onts/type1/urw/times/utmri8a.pfb>
Output written on tesis.pdf (13 pages, 321248 bytes).
PDF statistics:
 189 PDF objects out of 1000 (max. 8388607)
 0 named destinations out of 1000 (max. 500000)
 62 words of extra memory for PDF output out of 10000 (max. 10000000)

